<?xml version="1.0" encoding="UTF-8" ?>
<testsuite tests="6" failures="0" name="com.wecon.common.test.WebHelperTest" time="0.607" errors="0" skipped="0">
  <properties>
[...]
</properties>
  <testcase classname="com.wecon.common.test.WebHelperTest" name="testWebHelperProxy" time="0"/>
  <testcase classname="com.wecon.common.test.WebHelperTest" name="testZenDao111" time="0"/>
  <testcase classname="com.wecon.common.test.WebHelperTest" name="testWebHelperIP" time="0"/>
  <testcase classname="com.wecon.common.test.WebHelperTest" name="testWebHelperProxy1" time="0"/>
  <testcase classname="com.wecon.common.test.WebHelperTest" name="testPostBody" time="0.606"/>
  <testcase classname="com.wecon.common.test.WebHelperTest" name="testZenDao" time="0"/>
</testsuite>